    1  passwd
    2  ls
    3  pwd
    4  git clone git@github.com:jyothi-sh/a1-collab-jyothi-sh.git
    5  git clone https://github.com/jyothi-sh/a1-collab-jyothi-sh.git
    6  git branch username-colab
    7  git branch a1-collab-jyothi-sh
    8  ls
    9  cd a1-collab-jyothi-sh
   10  la
   11  ls
   12  git branch username-colab
   13  ls
   14  git branch username-colab*
   15  ls
   16  vi Collaborators.md
   17  git status
   18  cd Collaborators.md
   19  vi Collaborators.md
   20  ls
   21  cd a1-collab-jyothi-sh
   22  ls
   23  git push --set-upstream origin username-colab
   24  git pull origin main
   25  git checkout main
   26  git merge username-colab
   27  git add Collaborators.md
   28  git commit -m "Jyothi Shankar added to collaborators"
   29  git push --set-upstream origin username-colab
   30  ls
   31  vi README.md
   32  ls -F
   33  ls -latr
   34  ls 
   35  ls -l
   36  ls -ltr
   37  ls
   38  cd a1-collab-jyothi-sh
   39  ls
   40  vi Collaborators.md
   41  git pull origin main
   42  git commit -m "Jyothi Shankar added to collaborators"
   43   git config user.email "jyothishankar03@gmail.com"
   44  git config user.name "Jyothi Shankar"
   45  git commit -m "Jyothi Shankar added to collaborators"
   46  git push
   47  ls
   48  cd a1-collab-jyothi-sh
   49  ls
   50  cd Collaborators.md
   51  vi Collaborators.md
   52  git commit -m "Jyothi Shankar added to collaborators"
   53  git push
   54  git remote set-url origin https:/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@github.com/jyothi-sh/a1-collab-jyothi-sh
   55  git push
   56  git remote set-url origin https://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@github.com/jyothi-sh/a1-collab-jyothi-sh
   57  git push
   58  ls
   59  git clone https://github.com/CS131-BigDataProcessing/CS131_fa24_datafiles.git
   60  ls
   61  cd CS131_fa24_datafiles
   62  ls
   63  cd Lec02
   64  ls
   65  grep -o '\bwor\w*' goodluck.txt
   66  grep -o '\bdred\w*' filename.txt
   67  grep -o '\bdred\w*' goodluck.txt
   68  clear
   69  vi goodluck.txt
   70  grep -o "/b
   71  LKOk;ddc
   72  wq
   73  wq
   74  ls
   75  cd CS131_fa24_datafiles
   76  cd
   77  cd CS131_fa24_datafiles
   78  ls
   79  cd Lec02
   80  ls
   81  grep -o '\bwor\w*' goodluck.txt
   82  grep -o '\bdred\w*' goodluck.txt
   83  ls
   84  cd CS131_fa24_datafiles
   85  ls
   86  cd Lec02
   87  ls
   88  grep -o '\bwor\w*' goodluck.txt
   89  grep -o '\w*dred\w*' goodluck.txt
   90  l
   91  ls
   92  cd CS131_fa24_datafiles
   93  cd Loec02
   94  cd Lec02
   95  ls
   96  clea
   97  clear
   98  grep -o '\bwor\w*' goodluck.txt
   99  grep -o '\w*dred\w*' goodluck.txt
  100  grep '^Good luck, babe$' goodluck.txt
  101  grep -x "Good luck, babe" goodluck.txt
  102  cd ..
  103  shankar_jyothi>_A4_shell
  104  Shankar_Jyothi_A4_shell
  105  mkdir Shankar_Jyothi_A4_shell
  106  cd mkdir Shankar_Jyothi_A4_shell
  107  cd Shankar_Jyothi_A4_shell
  108  vi class_practice.sh
  109  sh class_practice.sh Jyothi
  110  sh class_practice.sh Singaram
  111  ls
  112  cd class_practice.sh
  113  vi class_practice.sh
  114  grep -x "Good luck, babe[[:space:]]*" goodluck.txt
  115  cd ..
  116  ls
  117  vi CS131_fa24_datafiles
  118  ls
  119  cd CS131_fa24_datafiles
  120  ls
  121  cd Lec02
  122  ls
  123  grep -x 'Good luck, babe' goodluck.txt | wc -l -w
  124  grep -x 'Good luck, babe' goodluck.txt
  125  grep -x 'Good luck, babe' searchfile.txt
  126  ls
  127  grep -x 'Good luck, babe' searchfile.txt
  128  grep -x 'Good luck, babe' goodluck.txt
  129  ls
  130  egrep “^(0|1)+ [a-zA-Z]+$” goodluck.txt
  131  grep -x 'Good luck, babe' searchfile.txt | wc -l -w
  132  grep -x 'Good luck, babe' goodluck.txt | wc -l -w
  133  grep -o '\w*Good luck, babe\w*' goodluck.txt | wc -l -w
  134   grep -o '\w*Good luck, babe\w*' goodluck.txt | wc -l -w > <Shankar-J>_a2_counts.txt
  135  grep -o '\w*Good luck, babe\w*' goodluck.txt | wc -l -w > Shankar-J_a2_counts.txt
  136  ls
  137  vi Shankar-J_a2_counts.txt
  138  cd ..
  139  ls
  140  cd ..
  141  ls
  142  cd a1-collab-jyothi-sh
  143  ls
  144  cd Collaborators.md
  145  ls
  146  vi Collaborators.md
  147  cd ..
  148  ls
  149  cd Shankar_Jyothi_A4_shell
  150  vi
  151  ls
  152  cd ..
  153  ls
  154  cd CS131_fa24_datafiles/
  155  ls
  156  cd Lec02
  157  ls
  158  vi Shankar-J_a2_counts.txt 
  159  history > Shankar-J_a2_cmds.log
